<?xml version="1.0" encoding="UTF-8"?>
<testng-results skipped="0" failed="0" ignored="0" total="1" passed="1">
  <reporter-output>
  </reporter-output>
  <suite name="Suite" duration-ms="13628" started-at="2019-10-30T11:47:07Z" finished-at="2019-10-30T11:47:21Z">
    <groups>
    </groups>
    <test name="Test1" duration-ms="13628" started-at="2019-10-30T11:47:07Z" finished-at="2019-10-30T11:47:21Z">
      <class name="com.MavenTry.com.SampleMav.FirstTestTry">
        <test-method status="PASS" signature="try1()[pri:0, instance:com.MavenTry.com.SampleMav.FirstTestTry@7e0ea639]" name="try1" duration-ms="13604" started-at="2019-10-30T11:47:07Z" finished-at="2019-10-30T11:47:21Z">
          <reporter-output>
          </reporter-output>
        </test-method> <!-- try1 -->
      </class> <!-- com.MavenTry.com.SampleMav.FirstTestTry -->
    </test> <!-- Test1 -->
  </suite> <!-- Suite -->
</testng-results>
